2 62c0 e2 ST
2 39c0 11c ST
3 2cc0 ac ST
1 59c0 13c ST
3 2bc0 10e ST
2 440 7e ST
1 62c0 145 ST
3 4cc0 12f ST
1 7c0 87 ST
0 55c0 d5 ST
0 15c0 95 ST
1 40c0 123 ST
3 ec0 8e ST
2 32c0 115 ST
2 36c0 119 ST
2 400 6c ST
3 400 6d ST
3 50c0 133 ST
2 4c0 e7 ST
1 1bc0 9b ST
0 400 70 ST
0 cc0 ef ST
0 3ec0 be ST
2 52c0 135 ST
1 400 78 ST
1 23c0 a3 ST
3 1ec0 9e ST
0 28c0 10b ST
1 ec0 f1 ST
3 3fc0 122 ST
0 9c0 ec ST
2 3c0 67 ST
0 5ac0 13d ST
0 bc0 8b ST
1 46c0 129 ST
0 1ac0 9a ST
1 5dc0 dd ST
3 52c0 d2 ST
2 3cc0 11f ST
3 20c0 a0 ST
1 45c0 c5 ST
1 37c0 b7 ST
3 61c0 144 ST
3 64c0 e4 ST
2 38c0 b8 ST
1 4ec0 131 ST
3 19c0 99 ST
0 31c0 114 ST
3 49c0 12c ST
2 11c0 91 ST
0 3bc0 11e ST
2 2ac0 10d ST
2 30c0 b0 ST
1 16c0 96 ST
0 33c0 b3 ST
2 42c0 c2 ST
3 45c0 128 ST
3 4bc0 cb ST
2 14c0 f7 ST
1 ac0 8a ST
1 42c0 125 ST
2 dc0 f0 ST
0 7c0 ea ST
1 56c0 d6 ST
0 4cc0 cc ST
0 1dc0 100 ST
0 49c0 c9 ST
0 34c0 b4 ST
0 1fc0 102 ST
3 4ec0 ce ST
3 21c0 a1 ST
2 41c0 124 ST
3 1fc0 9f ST
1 440 7c ST
1 29c0 10c ST
0 4ac0 ca ST
2 2dc0 ad ST
3 40c0 c0 ST
2 63c0 146 ST
3 440 83 ST
2 5cc0 dc ST
1 40c0 123 ST
0 3ac0 11d ST
1 62c0 145 ST
2 33c0 116 ST
1 4ac0 12d ST
1 400 6f ST
1 3ec0 121 ST
3 34c0 117 ST
3 5cc0 13f ST
1 10c0 f3 ST
3 5c0 85 ST
2 64c0 147 ST
1 2ec0 111 ST
0 48c0 c8 ST
2 39c0 11c ST
1 57c0 13a ST
3 24c0 107 ST
2 62c0 e2 ST
0 1cc0 9c ST
1 23c0 a3 ST
1 4fc0 cf ST
2 56c0 139 ST
3 5bc0 13e ST
1 13c0 f6 ST
0 54c0 137 ST
0 47c0 c7 ST
2 4dc0 130 ST
1 11c0 f4 ST
3 55c0 138 ST
0 29c0 a9 ST
1 51c0 d1 ST
0 2ac0 aa ST
1 5fc0 142 ST
0 5ac0 13d ST
1 53c0 d3 ST
1 37c0 b7 ST
3 400 6d ST
3 1dc0 9d ST
2 4bc0 12e ST
0 9c0 ec ST
1 400 71 ST
3 3c0 68 ST
3 18c0 fb ST
0 8c0 88 ST
0 1ec0 101 ST
2 2fc0 112 ST
3 43c0 c3 ST
1 59c0 d9 ST
2 17c0 fa ST
1 3dc0 120 ST
3 400 72 ST
1 26c0 109 ST
3 35c0 118 ST
0 5ec0 de ST
3 2cc0 ac ST
1 48c0 12b ST
2 54c0 d4 ST
2 35c0 b5 ST
3 ec0 8e ST
1 22c0 a2 ST
1 41c0 c1 ST
0 39c0 b9 ST
2 400 73 ST
1 42c0 125 ST
2 3c0 67 ST
3 19c0 99 ST
0 33c0 b3 ST
0 400 77 ST
2 2ac0 10d ST
2 400 74 ST
0 12c0 92 ST
2 11c0 91 ST
0 34c0 b4 ST
1 5c0 e8 ST
2 4c0 84 ST
0 4cc0 cc ST
1 400 6f ST
1 62c0 145 ST
3 1ec0 9e ST
2 61c0 e1 ST
1 45c0 c5 ST
2 41c0 124 ST
0 440 82 ST
1 10c0 f3 ST
0 3c0 69 ST
1 24c0 a4 ST
0 48c0 c8 ST
3 45c0 128 ST
3 44c0 127 ST
3 400 6d ST
1 3c0 65 ST
2 65c0 148 ST
2 440 81 ST
0 6c0 e9 ST
2 3ac0 ba ST
0 1dc0 100 ST
3 25c0 a5 ST
1 440 7c ST
3 20c0 a0 ST
2 bc0 ee ST
0 55c0 d5 ST
1 4ac0 12d ST
2 66c0 149 ST
3 5ac0 da ST
0 1ac0 9a ST
3 50c0 d0 ST
2 14c0 f7 ST
1 ac0 8a ST
1 5fc0 142 ST
3 52c0 d2 ST
3 5cc0 13f ST
0 29c0 a9 ST
0 44c0 c4 ST
1 5dc0 dd ST
1 2ec0 ae ST
3 440 83 ST
2 400 74 ST
0 47c0 c7 ST
3 49c0 12c ST
0 49c0 c9 ST
3 34c0 117 ST
0 400 6a ST
2 64c0 147 ST
2 38c0 b8 ST
0 4dc0 cd ST
1 51c0 d1 ST
1 4ec0 131 ST
2 30c0 113 ST
0 28c0 10b ST
3 4bc0 cb ST
3 5bc0 13e ST
3 fc0 8f ST
3 3c0 68 ST
2 28c0 a8 ST
1 59c0 13c ST
3 400 6b ST
0 3bc0 11e ST
1 7c0 87 ST
0 1ec0 101 ST
2 6c0 86 ST
3 18c0 fb ST
3 5c0 85 ST
